<?xml version="1.0" encoding="UTF-8"?>
<!-- Generated by org.testng.reporters.JUnitXMLReporter -->
<testsuite ignored="0" hostname="Aish" failures="1" tests="1" name="Logintests" time="14.298" errors="0" timestamp="2026-04-17T00:24:26 IST">
  <testcase classname="tests.LoginTest" name="testValidLogin" time="1.172">
    <failure type="java.lang.AssertionError" message="expected [Dashboard / nopCommerce administration] but found [Just a moment...]">
      <![CDATA[java.lang.AssertionError: expected [Dashboard / nopCommerce administration] but found [Just a moment...]
at tests.LoginTest.testValidLogin(LoginTest.java:18)
at java.base/java.util.ArrayList.forEach(ArrayList.java:1597)
... Removed 31 stack frames]]>
    </failure>
  </testcase> <!-- testValidLogin -->
</testsuite> <!-- Logintests -->
